[debug] [2026-03-24T06:51:01.385Z] ----------------------------------------------------------------------
[debug] [2026-03-24T06:51:01.387Z] Command:       C:\Program Files\nodejs\node.exe C:\Users\mazen\AppData\Local\npm-cache\_npx\ba4f1959e38407b5\node_modules\firebase-tools\lib\bin\firebase.js init dataconnect --project dashtype-9855c
[debug] [2026-03-24T06:51:01.387Z] CLI Version:   15.11.0
[debug] [2026-03-24T06:51:01.387Z] Platform:      win32
[debug] [2026-03-24T06:51:01.387Z] Node Version:  v22.16.0
[debug] [2026-03-24T06:51:01.387Z] Time:          Tue Mar 24 2026 09:51:01 GMT+0300 (Arabian Standard Time)
[debug] [2026-03-24T06:51:01.387Z] ----------------------------------------------------------------------
[debug] 
[debug] [2026-03-24T06:51:01.389Z] >>> [apiv2][query] GET https://firebase-public.firebaseio.com/cli.json [none]
[info] 
     ######## #### ########  ######## ########     ###     ######  ########
     ##        ##  ##     ## ##       ##     ##  ##   ##  ##       ##
     ######    ##  ########  ######   ########  #########  ######  ######
     ##        ##  ##    ##  ##       ##     ## ##     ##       ## ##
     ##       #### ##     ## ######## ########  ##     ##  ######  ########

You're about to initialize a Firebase project in this directory:

  C:\Users\mazen\code\game

[debug] [2026-03-24T06:51:02.951Z] <<< [apiv2][status] GET https://firebase-public.firebaseio.com/cli.json 200
[debug] [2026-03-24T06:51:02.952Z] <<< [apiv2][body] GET https://firebase-public.firebaseio.com/cli.json {"cloudBuildErrorAfter":1594252800000,"cloudBuildWarnAfter":1590019200000,"defaultNode10After":1594252800000,"minVersion":"3.0.5","node8DeploysDisabledAfter":1613390400000,"node8RuntimeDisabledAfter":1615809600000,"node8WarnAfter":1600128000000}
[debug] [2026-03-24T06:51:39.719Z] ----------------------------------------------------------------------
[debug] [2026-03-24T06:51:39.721Z] Command:       C:\Program Files\nodejs\node.exe C:\Users\mazen\AppData\Local\npm-cache\_npx\ba4f1959e38407b5\node_modules\firebase-tools\lib\bin\firebase.js init dataconnect --project dashtype-9855c
[debug] [2026-03-24T06:51:39.721Z] CLI Version:   15.11.0
[debug] [2026-03-24T06:51:39.721Z] Platform:      win32
[debug] [2026-03-24T06:51:39.721Z] Node Version:  v22.16.0
[debug] [2026-03-24T06:51:39.721Z] Time:          Tue Mar 24 2026 09:51:39 GMT+0300 (Arabian Standard Time)
[debug] [2026-03-24T06:51:39.721Z] ----------------------------------------------------------------------
[debug] 
[info] 
     ######## #### ########  ######## ########     ###     ######  ########
     ##        ##  ##     ## ##       ##     ##  ##   ##  ##       ##
     ######    ##  ########  ######   ########  #########  ######  ######
     ##        ##  ##    ##  ##       ##     ## ##     ##       ## ##
     ##       #### ##     ## ######## ########  ##     ##  ######  ########

You're about to initialize a Firebase project in this directory:

  C:\Users\mazen\code\game

